<?xml version="1.0" encoding="UTF-8"?>
<!-- Generated by org.testng.reporters.JUnitReportReporter -->
<testsuite skipped="0" hostname="DESKTOP-SRR269D" name="com.sample_TestNG.TestNG_Suite" tests="3" failures="0" timestamp="07 Feb 2024 07:30:14 GMT" time="55.651" errors="0">
  <testcase name="openBing" time="5.085" classname="com.sample_TestNG.TestNG_Suite"/>
  <testcase name="openYahoo" time="46.151" classname="com.sample_TestNG.TestNG_Suite"/>
  <testcase name="openGoogle" time="4.415" classname="com.sample_TestNG.TestNG_Suite"/>
</testsuite> <!-- com.sample_TestNG.TestNG_Suite -->
