<?xml version="1.0" encoding="UTF-8"?>
<!-- Generated by org.testng.reporters.JUnitReportReporter -->
<testsuite skipped="0" hostname="DESKTOP-SRR269D" name="com.sample_TestNG.Priority_Test" tests="1" failures="0" timestamp="09 Feb 2024 00:50:14 GMT" time="0.015" errors="0">
  <testcase name="firstTestCase" time="0.015" classname="com.sample_TestNG.Priority_Test"/>
</testsuite> <!-- com.sample_TestNG.Priority_Test -->
