<?xml version="1.0" encoding="UTF-8"?>
<!-- Generated by org.testng.reporters.JUnitReportReporter -->
<testsuite skipped="0" hostname="DESKTOP-SRR269D" name="com.expectedException.ParameterPractice" tests="1" failures="0" timestamp="01 Feb 2024 08:17:08 GMT" time="15.266" errors="0">
  <testcase name="adactinLogin" time="15.266" classname="com.expectedException.ParameterPractice"/>
</testsuite> <!-- com.expectedException.ParameterPractice -->
