<?xml version="1.0" encoding="UTF-8"?>
<!-- Generated by org.testng.reporters.JUnitReportReporter -->
<testsuite skipped="0" hostname="DESKTOP-SRR269D" name="com.Runner.OrangeHRM_myinfo" tests="3" failures="0" timestamp="10 Feb 2024 01:25:34 GMT" time="41.526" errors="0">
  <testcase name="orangeHRM_Login" time="11.773" classname="com.Runner.OrangeHRM_myinfo"/>
  <testcase name="logOut" time="2.346" classname="com.Runner.OrangeHRM_myinfo"/>
  <testcase name="myInfo_Page" time="27.407" classname="com.Runner.OrangeHRM_myinfo"/>
</testsuite> <!-- com.Runner.OrangeHRM_myinfo -->
