<?xml version="1.0" encoding="UTF-8"?>
<!-- Generated by org.testng.reporters.JUnitReportReporter -->
<testsuite skipped="0" hostname="DESKTOP-SRR269D" name="com.sample_TestNG.Sample_testNG" tests="3" failures="0" timestamp="31 Jan 2024 01:31:34 GMT" time="54.893" errors="0">
  <testcase name="openGoogle" time="3.252" classname="com.sample_TestNG.Sample_testNG"/>
  <testcase name="openBing" time="7.077" classname="com.sample_TestNG.Sample_testNG"/>
  <testcase name="openYahoo" time="44.564" classname="com.sample_TestNG.Sample_testNG"/>
</testsuite> <!-- com.sample_TestNG.Sample_testNG -->
