<?xml version="1.0" encoding="UTF-8"?>
<!-- Generated by org.testng.reporters.JUnitReportReporter -->
<testsuite skipped="0" hostname="DESKTOP-SRR269D" name="com.sample_TestNG.Dependencies_Management" tests="1" failures="0" timestamp="09 Feb 2024 00:50:14 GMT" time="0.000" errors="0">
  <testcase name="loginAmazon" time="0.000" classname="com.sample_TestNG.Dependencies_Management"/>
</testsuite> <!-- com.sample_TestNG.Dependencies_Management -->
