<?xml version="1.0" encoding="UTF-8"?>
<!-- Generated by org.testng.reporters.JUnitReportReporter -->
<testsuite skipped="0" hostname="DESKTOP-SRR269D" name="com.sample_TestNG.Test1_sample" tests="5" failures="0" timestamp="31 Jan 2024 01:14:45 GMT" time="0.021" errors="0">
  <testcase name="firstTestCase" time="0.012" classname="com.sample_TestNG.Test1_sample"/>
  <testcase name="secondTestCase" time="0.003" classname="com.sample_TestNG.Test1_sample"/>
  <testcase name="thirdTestCase" time="0.002" classname="com.sample_TestNG.Test1_sample"/>
  <testcase name="fourthTestCase" time="0.002" classname="com.sample_TestNG.Test1_sample"/>
  <testcase name="fifthTestCase" time="0.002" classname="com.sample_TestNG.Test1_sample"/>
</testsuite> <!-- com.sample_TestNG.Test1_sample -->
